<?xml version="1.0" encoding="UTF-8" ?>

<testsuite failures="0" time="0.002" errors="0" skipped="0" tests="1" name="models.cmscore.BasicTest">
  <testcase classname="models.cmscore.BasicTest" name="aVeryImportantThingToTest" time="0.002">
      </testcase>
</testsuite>
