<?xml version="1.0" encoding="UTF-8" ?>

<testsuite failures="0" time="0.034" errors="0" skipped="0" tests="2" name="models.cmscore.SettingsTest">
  <testcase classname="models.cmscore.SettingsTest" name="changingSettingsShouldWork" time="0.027">
      </testcase>
  <testcase classname="models.cmscore.SettingsTest" name="creatingNewSettingsShouldFail" time="0.007">
      </testcase>
</testsuite>
